android/app/build/intermediates/manifest_merge_blame_file/qaDebug/manifest-merger-blame-qa-debug-report.txt
1<?xml version="1.0" encoding="utf-8"?>
2<manifest xmlns:android="http://schemas.android.com/apk/res/android"
3    package="com.testapp2"
4    android:versionCode="1"
5    android:versionName="0.0.1" >
6
7    <uses-sdk
8        android:minSdkVersion="24"
8-->src\main\AndroidManifest.xml
9        android:targetSdkVersion="31" />
9-->src\main\AndroidManifest.xml
10
11    <queries>
11-->src\main\AndroidManifest.xml:3:5-6:15
12        <package android:name="com.testapp2.store" />
12-->src\main\AndroidManifest.xml:4:9-54
12-->src\main\AndroidManifest.xml:4:18-51
13        <package android:name="com.testapp2.services" />
13-->src\main\AndroidManifest.xml:5:9-57
13-->src\main\AndroidManifest.xml:5:18-54
14
15        <intent>
15-->[:react-native-image-crop-picker] AndroidManifest.xml:10:9-12:18
16            <action android:name="android.media.action.IMAGE_CAPTURE" />
16-->[:react-native-image-crop-picker] AndroidManifest.xml:11:13-73
16-->[:react-native-image-crop-picker] AndroidManifest.xml:11:21-70
17        </intent> <!-- Needs to be explicitly declared on Android R+ -->
18        <package android:name="com.google.android.apps.maps" />
18-->[com.google.android.gms:play-services-maps:18.0.2] AndroidManifest.xml:33:9-64
18-->[com.google.android.gms:play-services-maps:18.0.2] AndroidManifest.xml:33:18-61
19    </queries>
20
21    <uses-permission android:name="android.permission.INTERNET" />
21-->src\main\AndroidManifest.xml:8:5-67
21-->src\main\AndroidManifest.xml:8:22-64
22    <uses-permission android:name="android.permission.VIBRATE" />
22-->src\main\AndroidManifest.xml:9:5-66
22-->src\main\AndroidManifest.xml:9:22-63
23    <uses-permission android:name="android.permission.RECEIVE_BOOT_COMPLETED" />
23-->src\main\AndroidManifest.xml:10:5-81
23-->src\main\AndroidManifest.xml:10:22-78
24    <uses-permission android:name="android.permission.CAMERA" />
24-->src\main\AndroidManifest.xml:11:5-64
24-->src\main\AndroidManifest.xml:11:22-62
25
26    <uses-feature
26-->src\main\AndroidManifest.xml:12:5-85
27        android:name="android.hardware.camera"
27-->src\main\AndroidManifest.xml:12:19-57
28        android:required="false" />
28-->src\main\AndroidManifest.xml:12:58-82
29    <uses-feature
29-->src\main\AndroidManifest.xml:13:5-91
30        android:name="android.hardware.camera.front"
30-->src\main\AndroidManifest.xml:13:19-63
31        android:required="false" />
31-->src\main\AndroidManifest.xml:13:64-88
32
33    <uses-permission android:name="android.permission.READ_EXTERNAL_STORAGE" />
33-->src\main\AndroidManifest.xml:14:5-80
33-->src\main\AndroidManifest.xml:14:22-77
34    <uses-permission android:name="android.permission.WRITE_EXTERNAL_STORAGE" />
34-->src\main\AndroidManifest.xml:15:5-81
34-->src\main\AndroidManifest.xml:15:22-78
35    <uses-permission android:name="android.permission.DOWNLOAD_WITHOUT_NOTIFICATION" />
35-->src\main\AndroidManifest.xml:16:5-88
35-->src\main\AndroidManifest.xml:16:22-85
36    <uses-permission android:name="android.permission.ACCESS_WIFI_STATE" />
36-->[com.facebook.flipper:flipper:0.125.0] AndroidManifest.xml:16:5-76
36-->[com.facebook.flipper:flipper:0.125.0] AndroidManifest.xml:16:22-73
37    <uses-permission android:name="android.permission.ACCESS_NETWORK_STATE" />
37-->[:react-native-community_netinfo] AndroidManifest.xml:9:5-79
37-->[:react-native-community_netinfo] AndroidManifest.xml:9:22-76
38    <uses-permission android:name="android.permission.WAKE_LOCK" />
38-->[androidx.work:work-runtime:2.7.1] AndroidManifest.xml:25:5-68
38-->[androidx.work:work-runtime:2.7.1] AndroidManifest.xml:25:22-65
39    <uses-permission android:name="android.permission.FOREGROUND_SERVICE" /> <!-- Required by older versions of Google Play services to create IID tokens -->
39-->[androidx.work:work-runtime:2.7.1] AndroidManifest.xml:28:5-77
39-->[androidx.work:work-runtime:2.7.1] AndroidManifest.xml:28:22-74
40    <uses-permission android:name="com.google.android.c2dm.permission.RECEIVE" />
40-->[com.google.firebase:firebase-messaging:21.1.0] AndroidManifest.xml:25:5-82
40-->[com.google.firebase:firebase-messaging:21.1.0] AndroidManifest.xml:25:22-79
41
42    <uses-feature
42-->[com.google.android.gms:play-services-maps:18.0.2] AndroidManifest.xml:26:5-28:35
43        android:glEsVersion="0x00020000"
43-->[com.google.android.gms:play-services-maps:18.0.2] AndroidManifest.xml:27:9-41
44        android:required="true" />
44-->[com.google.android.gms:play-services-maps:18.0.2] AndroidManifest.xml:28:9-32
45
46    <uses-permission android:name="com.google.android.finsky.permission.BIND_GET_INSTALL_REFERRER_SERVICE" /> <!-- for android -->
46-->[com.android.installreferrer:installreferrer:1.1.2] AndroidManifest.xml:9:5-110
46-->[com.android.installreferrer:installreferrer:1.1.2] AndroidManifest.xml:9:22-107
47    <!-- <uses-permission android:name="com.android.launcher.permission.READ_SETTINGS"/> -->
48    <!-- <uses-permission android:name="com.android.launcher.permission.WRITE_SETTINGS"/> -->
49    <!-- <uses-permission android:name="com.android.launcher.permission.INSTALL_SHORTCUT" /> -->
50    <!-- <uses-permission android:name="com.android.launcher.permission.UNINSTALL_SHORTCUT" /> -->
51    <!-- for Samsung -->
52    <uses-permission android:name="com.sec.android.provider.badge.permission.READ" />
52-->[me.leolin:ShortcutBadger:1.1.22] AndroidManifest.xml:19:5-86
52-->[me.leolin:ShortcutBadger:1.1.22] AndroidManifest.xml:19:22-83
53    <uses-permission android:name="com.sec.android.provider.badge.permission.WRITE" /> <!-- for htc -->
53-->[me.leolin:ShortcutBadger:1.1.22] AndroidManifest.xml:20:5-87
53-->[me.leolin:ShortcutBadger:1.1.22] AndroidManifest.xml:20:22-84
54    <uses-permission android:name="com.htc.launcher.permission.READ_SETTINGS" />
54-->[me.leolin:ShortcutBadger:1.1.22] AndroidManifest.xml:23:5-81
54-->[me.leolin:ShortcutBadger:1.1.22] AndroidManifest.xml:23:22-78
55    <uses-permission android:name="com.htc.launcher.permission.UPDATE_SHORTCUT" /> <!-- for sony -->
55-->[me.leolin:ShortcutBadger:1.1.22] AndroidManifest.xml:24:5-83
55-->[me.leolin:ShortcutBadger:1.1.22] AndroidManifest.xml:24:22-80
56    <uses-permission android:name="com.sonyericsson.home.permission.BROADCAST_BADGE" />
56-->[me.leolin:ShortcutBadger:1.1.22] AndroidManifest.xml:27:5-88
56-->[me.leolin:ShortcutBadger:1.1.22] AndroidManifest.xml:27:22-85
57    <uses-permission android:name="com.sonymobile.home.permission.PROVIDER_INSERT_BADGE" /> <!-- for apex -->
57-->[me.leolin:ShortcutBadger:1.1.22] AndroidManifest.xml:28:5-92
57-->[me.leolin:ShortcutBadger:1.1.22] AndroidManifest.xml:28:22-89
58    <uses-permission android:name="com.anddoes.launcher.permission.UPDATE_COUNT" /> <!-- for solid -->
58-->[me.leolin:ShortcutBadger:1.1.22] AndroidManifest.xml:31:5-84
58-->[me.leolin:ShortcutBadger:1.1.22] AndroidManifest.xml:31:22-81
59    <uses-permission android:name="com.majeur.launcher.permission.UPDATE_BADGE" /> <!-- for huawei -->
59-->[me.leolin:ShortcutBadger:1.1.22] AndroidManifest.xml:34:5-83
59-->[me.leolin:ShortcutBadger:1.1.22] AndroidManifest.xml:34:22-80
60    <uses-permission android:name="com.huawei.android.launcher.permission.CHANGE_BADGE" />
60-->[me.leolin:ShortcutBadger:1.1.22] AndroidManifest.xml:37:5-91
60-->[me.leolin:ShortcutBadger:1.1.22] AndroidManifest.xml:37:22-88
61    <uses-permission android:name="com.huawei.android.launcher.permission.READ_SETTINGS" />
61-->[me.leolin:ShortcutBadger:1.1.22] AndroidManifest.xml:38:5-92
61-->[me.leolin:ShortcutBadger:1.1.22] AndroidManifest.xml:38:22-89
62    <uses-permission android:name="com.huawei.android.launcher.permission.WRITE_SETTINGS" /> <!-- for ZUK -->
62-->[me.leolin:ShortcutBadger:1.1.22] AndroidManifest.xml:39:5-93
62-->[me.leolin:ShortcutBadger:1.1.22] AndroidManifest.xml:39:22-90
63    <uses-permission android:name="android.permission.READ_APP_BADGE" /> <!-- for OPPO -->
63-->[me.leolin:ShortcutBadger:1.1.22] AndroidManifest.xml:42:5-73
63-->[me.leolin:ShortcutBadger:1.1.22] AndroidManifest.xml:42:22-70
64    <uses-permission android:name="com.oppo.launcher.permission.READ_SETTINGS" />
64-->[me.leolin:ShortcutBadger:1.1.22] AndroidManifest.xml:45:5-82
64-->[me.leolin:ShortcutBadger:1.1.22] AndroidManifest.xml:45:22-79
65    <uses-permission android:name="com.oppo.launcher.permission.WRITE_SETTINGS" /> <!-- for EvMe -->
65-->[me.leolin:ShortcutBadger:1.1.22] AndroidManifest.xml:46:5-83
65-->[me.leolin:ShortcutBadger:1.1.22] AndroidManifest.xml:46:22-80
66    <uses-permission android:name="me.everything.badger.permission.BADGE_COUNT_READ" />
66-->[me.leolin:ShortcutBadger:1.1.22] AndroidManifest.xml:49:5-88
66-->[me.leolin:ShortcutBadger:1.1.22] AndroidManifest.xml:49:22-85
67    <uses-permission android:name="me.everything.badger.permission.BADGE_COUNT_WRITE" />
67-->[me.leolin:ShortcutBadger:1.1.22] AndroidManifest.xml:50:5-89
67-->[me.leolin:ShortcutBadger:1.1.22] AndroidManifest.xml:50:22-86
68
69    <application
69-->src\main\AndroidManifest.xml:17:5-52:19
70        android:name="com.testapp2.MainApplication"
70-->src\main\AndroidManifest.xml:18:7-38
71        android:allowBackup="false"
71-->src\main\AndroidManifest.xml:21:7-34
72        android:appComponentFactory="androidx.core.app.CoreComponentFactory"
72-->[androidx.core:core:1.7.0] AndroidManifest.xml:24:18-86
73        android:debuggable="true"
74        android:extractNativeLibs="false"
75        android:icon="@mipmap/ic_launcher"
75-->src\main\AndroidManifest.xml:20:7-41
76        android:label="@string/app_name"
76-->src\main\AndroidManifest.xml:19:7-39
77        android:largeHeap="true"
77-->src\main\AndroidManifest.xml:24:7-31
78        android:networkSecurityConfig="@xml/network_security_config"
78-->src\main\AndroidManifest.xml:25:7-67
79        android:supportsRtl="true"
79-->src\main\AndroidManifest.xml:23:7-33
80        android:theme="@style/AppTheme"
80-->src\main\AndroidManifest.xml:26:7-38
81        android:usesCleartextTraffic="true" >
81-->src\main\AndroidManifest.xml:22:7-42
82        <activity
82-->src\main\AndroidManifest.xml:27:11-47:18
83            android:name="com.testapp2.MainActivity"
83-->src\main\AndroidManifest.xml:28:13-41
84            android:configChanges="keyboard|keyboardHidden|orientation|screenLayout|screenSize|smallestScreenSize|uiMode"
84-->src\main\AndroidManifest.xml:29:13-122
85            android:exported="true"
85-->src\main\AndroidManifest.xml:31:13-36
86            android:launchMode="singleTask"
86-->src\main\AndroidManifest.xml:30:13-44
87            android:windowSoftInputMode="adjustResize" >
87-->src\main\AndroidManifest.xml:32:13-55
88            <intent-filter>
88-->src\main\AndroidManifest.xml:33:15-36:31
89                <action android:name="android.intent.action.MAIN" />
89-->src\main\AndroidManifest.xml:34:19-71
89-->src\main\AndroidManifest.xml:34:27-68
90
91                <category android:name="android.intent.category.LAUNCHER" />
91-->src\main\AndroidManifest.xml:35:19-79
91-->src\main\AndroidManifest.xml:35:29-76
92            </intent-filter>
93            <intent-filter android:autoVerify="true" >
93-->src\main\AndroidManifest.xml:37:15-46:31
93-->src\main\AndroidManifest.xml:37:30-55
94                <action android:name="android.intent.action.VIEW" />
94-->src\main\AndroidManifest.xml:38:19-71
94-->src\main\AndroidManifest.xml:38:27-68
95
96                <category android:name="android.intent.category.DEFAULT" />
96-->src\main\AndroidManifest.xml:40:19-78
96-->src\main\AndroidManifest.xml:40:29-75
97                <category android:name="android.intent.category.BROWSABLE" />
97-->src\main\AndroidManifest.xml:41:19-80
97-->src\main\AndroidManifest.xml:41:29-77
98
99                <data
99-->src\main\AndroidManifest.xml:43:19-45:52
100                    android:host="testapp2.page.link"
100-->src\main\AndroidManifest.xml:44:27-60
101                    android:scheme="https" />
101-->src\main\AndroidManifest.xml:45:27-49
102            </intent-filter>
103        </activity>
104        <activity
104-->src\main\AndroidManifest.xml:48:7-84
105            android:name="com.facebook.react.devsupport.DevSettingsActivity"
105-->src\main\AndroidManifest.xml:48:17-81
106            android:exported="false" />
106-->[:react-native-navigation] AndroidManifest.xml:12:13-37
107
108        <meta-data
108-->src\main\AndroidManifest.xml:49:7-51:74
109            android:name="com.google.android.geo.API_KEY"
109-->src\main\AndroidManifest.xml:50:17-62
110            android:value="AIzaSyBHYiML4XE7hivviYSg4ra2kmwbe2QBjm0" />
110-->src\main\AndroidManifest.xml:51:17-72
111
112        <provider
112-->[:react-native-image-crop-picker] AndroidManifest.xml:18:9-26:20
113            android:name="com.reactnative.ivpusic.imagepicker.IvpusicImagePickerFileProvider"
113-->[:react-native-image-crop-picker] AndroidManifest.xml:19:13-94
114            android:authorities="com.testapp2.provider"
114-->[:react-native-image-crop-picker] AndroidManifest.xml:20:13-60
115            android:exported="false"
115-->[:react-native-image-crop-picker] AndroidManifest.xml:21:13-37
116            android:grantUriPermissions="true" >
116-->[:react-native-image-crop-picker] AndroidManifest.xml:22:13-47
117            <meta-data
117-->[:react-native-image-crop-picker] AndroidManifest.xml:23:13-25:78
118                android:name="android.support.FILE_PROVIDER_PATHS"
118-->[:react-native-image-crop-picker] AndroidManifest.xml:24:17-67
119                android:resource="@xml/ivpusic_imagepicker_provider_paths" />
119-->[:react-native-image-crop-picker] AndroidManifest.xml:25:17-75
120        </provider>
121
122        <activity
122-->[:react-native-image-crop-picker] AndroidManifest.xml:28:9-30:72
123            android:name="com.yalantis.ucrop.UCropActivity"
123-->[:react-native-image-crop-picker] AndroidManifest.xml:29:13-60
124            android:theme="@style/Theme.AppCompat.Light.NoActionBar" />
124-->[:react-native-image-crop-picker] AndroidManifest.xml:30:13-69
125
126        <provider
126-->[:react-native-share] AndroidManifest.xml:10:9-18:20
127            android:name="cl.json.RNShareFileProvider"
127-->[:react-native-share] AndroidManifest.xml:11:13-55
128            android:authorities="com.testapp2.rnshare.fileprovider"
128-->[:react-native-share] AndroidManifest.xml:12:13-72
129            android:exported="false"
129-->[:react-native-share] AndroidManifest.xml:13:13-37
130            android:grantUriPermissions="true" >
130-->[:react-native-share] AndroidManifest.xml:14:13-47
131            <meta-data
131-->[:react-native-image-crop-picker] AndroidManifest.xml:23:13-25:78
132                android:name="android.support.FILE_PROVIDER_PATHS"
132-->[:react-native-image-crop-picker] AndroidManifest.xml:24:17-67
133                android:resource="@xml/share_download_paths" />
133-->[:react-native-image-crop-picker] AndroidManifest.xml:25:17-75
134        </provider>
135        <provider
135-->[:react-native-webview] AndroidManifest.xml:10:9-18:20
136            android:name="com.reactnativecommunity.webview.RNCWebViewFileProvider"
136-->[:react-native-webview] AndroidManifest.xml:11:13-83
137            android:authorities="com.testapp2.fileprovider"
137-->[:react-native-webview] AndroidManifest.xml:12:13-64
138            android:exported="false"
138-->[:react-native-webview] AndroidManifest.xml:13:13-37
139            android:grantUriPermissions="true" >
139-->[:react-native-webview] AndroidManifest.xml:14:13-47
140            <meta-data
140-->[:react-native-image-crop-picker] AndroidManifest.xml:23:13-25:78
141                android:name="android.support.FILE_PROVIDER_PATHS"
141-->[:react-native-image-crop-picker] AndroidManifest.xml:24:17-67
142                android:resource="@xml/file_provider_paths" />
142-->[:react-native-image-crop-picker] AndroidManifest.xml:25:17-75
143        </provider>
144        <provider
144-->[androidx.work:work-runtime:2.7.1] AndroidManifest.xml:31:9-39:20
145            android:name="androidx.startup.InitializationProvider"
145-->[androidx.work:work-runtime:2.7.1] AndroidManifest.xml:32:13-67
146            android:authorities="com.testapp2.androidx-startup"
146-->[androidx.work:work-runtime:2.7.1] AndroidManifest.xml:33:13-68
147            android:exported="false" >
147-->[androidx.work:work-runtime:2.7.1] AndroidManifest.xml:34:13-37
148            <meta-data
148-->[androidx.work:work-runtime:2.7.1] AndroidManifest.xml:36:13-38:52
149                android:name="androidx.work.WorkManagerInitializer"
149-->[androidx.work:work-runtime:2.7.1] AndroidManifest.xml:37:17-68
150                android:value="androidx.startup" />
150-->[androidx.work:work-runtime:2.7.1] AndroidManifest.xml:38:17-49
151            <meta-data
151-->[androidx.emoji2:emoji2:1.0.0] AndroidManifest.xml:31:13-33:52
152                android:name="androidx.emoji2.text.EmojiCompatInitializer"
152-->[androidx.emoji2:emoji2:1.0.0] AndroidManifest.xml:32:17-75
153                android:value="androidx.startup" />
153-->[androidx.emoji2:emoji2:1.0.0] AndroidManifest.xml:33:17-49
154            <meta-data
154-->[androidx.lifecycle:lifecycle-process:2.4.0] AndroidManifest.xml:31:13-33:52
155                android:name="androidx.lifecycle.ProcessLifecycleInitializer"
155-->[androidx.lifecycle:lifecycle-process:2.4.0] AndroidManifest.xml:32:17-78
156                android:value="androidx.startup" />
156-->[androidx.lifecycle:lifecycle-process:2.4.0] AndroidManifest.xml:33:17-49
157        </provider>
158
159        <service
159-->[androidx.work:work-runtime:2.7.1] AndroidManifest.xml:41:9-46:35
160            android:name="androidx.work.impl.background.systemalarm.SystemAlarmService"
160-->[androidx.work:work-runtime:2.7.1] AndroidManifest.xml:42:13-88
161            android:directBootAware="false"
161-->[androidx.work:work-runtime:2.7.1] AndroidManifest.xml:43:13-44
162            android:enabled="@bool/enable_system_alarm_service_default"
162-->[androidx.work:work-runtime:2.7.1] AndroidManifest.xml:44:13-72
163            android:exported="false" />
163-->[androidx.work:work-runtime:2.7.1] AndroidManifest.xml:45:13-37
164        <service
164-->[androidx.work:work-runtime:2.7.1] AndroidManifest.xml:47:9-53:35
165            android:name="androidx.work.impl.background.systemjob.SystemJobService"
165-->[androidx.work:work-runtime:2.7.1] AndroidManifest.xml:48:13-84
166            android:directBootAware="false"
166-->[androidx.work:work-runtime:2.7.1] AndroidManifest.xml:49:13-44
167            android:enabled="@bool/enable_system_job_service_default"
167-->[androidx.work:work-runtime:2.7.1] AndroidManifest.xml:50:13-70
168            android:exported="true"
168-->[androidx.work:work-runtime:2.7.1] AndroidManifest.xml:51:13-36
169            android:permission="android.permission.BIND_JOB_SERVICE" />
169-->[androidx.work:work-runtime:2.7.1] AndroidManifest.xml:52:13-69
170        <service
170-->[androidx.work:work-runtime:2.7.1] AndroidManifest.xml:54:9-59:35
171            android:name="androidx.work.impl.foreground.SystemForegroundService"
171-->[androidx.work:work-runtime:2.7.1] AndroidManifest.xml:55:13-81
172            android:directBootAware="false"
172-->[androidx.work:work-runtime:2.7.1] AndroidManifest.xml:56:13-44
173            android:enabled="@bool/enable_system_foreground_service_default"
173-->[androidx.work:work-runtime:2.7.1] AndroidManifest.xml:57:13-77
174            android:exported="false" />
174-->[androidx.work:work-runtime:2.7.1] AndroidManifest.xml:58:13-37
175
176        <receiver
176-->[androidx.work:work-runtime:2.7.1] AndroidManifest.xml:61:9-66:35
177            android:name="androidx.work.impl.utils.ForceStopRunnable$BroadcastReceiver"
177-->[androidx.work:work-runtime:2.7.1] AndroidManifest.xml:62:13-88
178            android:directBootAware="false"
178-->[androidx.work:work-runtime:2.7.1] AndroidManifest.xml:63:13-44
179            android:enabled="true"
179-->[androidx.work:work-runtime:2.7.1] AndroidManifest.xml:64:13-35
180            android:exported="false" />
180-->[androidx.work:work-runtime:2.7.1] AndroidManifest.xml:65:13-37
181        <receiver
181-->[androidx.work:work-runtime:2.7.1] AndroidManifest.xml:67:9-77:20
182            android:name="androidx.work.impl.background.systemalarm.ConstraintProxy$BatteryChargingProxy"
182-->[androidx.work:work-runtime:2.7.1] AndroidManifest.xml:68:13-106
183            android:directBootAware="false"
183-->[androidx.work:work-runtime:2.7.1] AndroidManifest.xml:69:13-44
184            android:enabled="false"
184-->[androidx.work:work-runtime:2.7.1] AndroidManifest.xml:70:13-36
185            android:exported="false" >
185-->[androidx.work:work-runtime:2.7.1] AndroidManifest.xml:71:13-37
186            <intent-filter>
186-->[androidx.work:work-runtime:2.7.1] AndroidManifest.xml:73:13-76:29
187                <action android:name="android.intent.action.ACTION_POWER_CONNECTED" />
187-->[androidx.work:work-runtime:2.7.1] AndroidManifest.xml:74:17-87
187-->[androidx.work:work-runtime:2.7.1] AndroidManifest.xml:74:25-84
188                <action android:name="android.intent.action.ACTION_POWER_DISCONNECTED" />
188-->[androidx.work:work-runtime:2.7.1] AndroidManifest.xml:75:17-90
188-->[androidx.work:work-runtime:2.7.1] AndroidManifest.xml:75:25-87
189            </intent-filter>
190        </receiver>
191        <receiver
191-->[androidx.work:work-runtime:2.7.1] AndroidManifest.xml:78:9-88:20
192            android:name="androidx.work.impl.background.systemalarm.ConstraintProxy$BatteryNotLowProxy"
192-->[androidx.work:work-runtime:2.7.1] AndroidManifest.xml:79:13-104
193            android:directBootAware="false"
193-->[androidx.work:work-runtime:2.7.1] AndroidManifest.xml:80:13-44
194            android:enabled="false"
194-->[androidx.work:work-runtime:2.7.1] AndroidManifest.xml:81:13-36
195            android:exported="false" >
195-->[androidx.work:work-runtime:2.7.1] AndroidManifest.xml:82:13-37
196            <intent-filter>
196-->[androidx.work:work-runtime:2.7.1] AndroidManifest.xml:84:13-87:29
197                <action android:name="android.intent.action.BATTERY_OKAY" />
197-->[androidx.work:work-runtime:2.7.1] AndroidManifest.xml:85:17-77
197-->[androidx.work:work-runtime:2.7.1] AndroidManifest.xml:85:25-74
198                <action android:name="android.intent.action.BATTERY_LOW" />
198-->[androidx.work:work-runtime:2.7.1] AndroidManifest.xml:86:17-76
198-->[androidx.work:work-runtime:2.7.1] AndroidManifest.xml:86:25-73
199            </intent-filter>
200        </receiver>
201        <receiver
201-->[androidx.work:work-runtime:2.7.1] AndroidManifest.xml:89:9-99:20
202            android:name="androidx.work.impl.background.systemalarm.ConstraintProxy$StorageNotLowProxy"
202-->[androidx.work:work-runtime:2.7.1] AndroidManifest.xml:90:13-104
203            android:directBootAware="false"
203-->[androidx.work:work-runtime:2.7.1] AndroidManifest.xml:91:13-44
204            android:enabled="false"
204-->[androidx.work:work-runtime:2.7.1] AndroidManifest.xml:92:13-36
205            android:exported="false" >
205-->[androidx.work:work-runtime:2.7.1] AndroidManifest.xml:93:13-37
206            <intent-filter>
206-->[androidx.work:work-runtime:2.7.1] AndroidManifest.xml:95:13-98:29
207                <action android:name="android.intent.action.DEVICE_STORAGE_LOW" />
207-->[androidx.work:work-runtime:2.7.1] AndroidManifest.xml:96:17-83
207-->[androidx.work:work-runtime:2.7.1] AndroidManifest.xml:96:25-80
208                <action android:name="android.intent.action.DEVICE_STORAGE_OK" />
208-->[androidx.work:work-runtime:2.7.1] AndroidManifest.xml:97:17-82
208-->[androidx.work:work-runtime:2.7.1] AndroidManifest.xml:97:25-79
209            </intent-filter>
210        </receiver>
211        <receiver
211-->[androidx.work:work-runtime:2.7.1] AndroidManifest.xml:100:9-109:20
212            android:name="androidx.work.impl.background.systemalarm.ConstraintProxy$NetworkStateProxy"
212-->[androidx.work:work-runtime:2.7.1] AndroidManifest.xml:101:13-103
213            android:directBootAware="false"
213-->[androidx.work:work-runtime:2.7.1] AndroidManifest.xml:102:13-44
214            android:enabled="false"
214-->[androidx.work:work-runtime:2.7.1] AndroidManifest.xml:103:13-36
215            android:exported="false" >
215-->[androidx.work:work-runtime:2.7.1] AndroidManifest.xml:104:13-37
216            <intent-filter>
216-->[androidx.work:work-runtime:2.7.1] AndroidManifest.xml:106:13-108:29
217                <action android:name="android.net.conn.CONNECTIVITY_CHANGE" />
217-->[androidx.work:work-runtime:2.7.1] AndroidManifest.xml:107:17-79
217-->[androidx.work:work-runtime:2.7.1] AndroidManifest.xml:107:25-76
218            </intent-filter>
219        </receiver>
220        <receiver
220-->[androidx.work:work-runtime:2.7.1] AndroidManifest.xml:110:9-121:20
221            android:name="androidx.work.impl.background.systemalarm.RescheduleReceiver"
221-->[androidx.work:work-runtime:2.7.1] AndroidManifest.xml:111:13-88
222            android:directBootAware="false"
222-->[androidx.work:work-runtime:2.7.1] AndroidManifest.xml:112:13-44
223            android:enabled="false"
223-->[androidx.work:work-runtime:2.7.1] AndroidManifest.xml:113:13-36
224            android:exported="false" >
224-->[androidx.work:work-runtime:2.7.1] AndroidManifest.xml:114:13-37
225            <intent-filter>
225-->[androidx.work:work-runtime:2.7.1] AndroidManifest.xml:116:13-120:29
226                <action android:name="android.intent.action.BOOT_COMPLETED" />
226-->[androidx.work:work-runtime:2.7.1] AndroidManifest.xml:117:17-79
226-->[androidx.work:work-runtime:2.7.1] AndroidManifest.xml:117:25-76
227                <action android:name="android.intent.action.TIME_SET" />
227-->[androidx.work:work-runtime:2.7.1] AndroidManifest.xml:118:17-73
227-->[androidx.work:work-runtime:2.7.1] AndroidManifest.xml:118:25-70
228                <action android:name="android.intent.action.TIMEZONE_CHANGED" />
228-->[androidx.work:work-runtime:2.7.1] AndroidManifest.xml:119:17-81
228-->[androidx.work:work-runtime:2.7.1] AndroidManifest.xml:119:25-78
229            </intent-filter>
230        </receiver>
231        <receiver
231-->[androidx.work:work-runtime:2.7.1] AndroidManifest.xml:122:9-131:20
232            android:name="androidx.work.impl.background.systemalarm.ConstraintProxyUpdateReceiver"
232-->[androidx.work:work-runtime:2.7.1] AndroidManifest.xml:123:13-99
233            android:directBootAware="false"
233-->[androidx.work:work-runtime:2.7.1] AndroidManifest.xml:124:13-44
234            android:enabled="@bool/enable_system_alarm_service_default"
234-->[androidx.work:work-runtime:2.7.1] AndroidManifest.xml:125:13-72
235            android:exported="false" >
235-->[androidx.work:work-runtime:2.7.1] AndroidManifest.xml:126:13-37
236            <intent-filter>
236-->[androidx.work:work-runtime:2.7.1] AndroidManifest.xml:128:13-130:29
237                <action android:name="androidx.work.impl.background.systemalarm.UpdateProxies" />
237-->[androidx.work:work-runtime:2.7.1] AndroidManifest.xml:129:17-98
237-->[androidx.work:work-runtime:2.7.1] AndroidManifest.xml:129:25-95
238            </intent-filter>
239        </receiver>
240        <receiver
240-->[androidx.work:work-runtime:2.7.1] AndroidManifest.xml:132:9-142:20
241            android:name="androidx.work.impl.diagnostics.DiagnosticsReceiver"
241-->[androidx.work:work-runtime:2.7.1] AndroidManifest.xml:133:13-78
242            android:directBootAware="false"
242-->[androidx.work:work-runtime:2.7.1] AndroidManifest.xml:134:13-44
243            android:enabled="true"
243-->[androidx.work:work-runtime:2.7.1] AndroidManifest.xml:135:13-35
244            android:exported="true"
244-->[androidx.work:work-runtime:2.7.1] AndroidManifest.xml:136:13-36
245            android:permission="android.permission.DUMP" >
245-->[androidx.work:work-runtime:2.7.1] AndroidManifest.xml:137:13-57
246            <intent-filter>
246-->[androidx.work:work-runtime:2.7.1] AndroidManifest.xml:139:13-141:29
247                <action android:name="androidx.work.diagnostics.REQUEST_DIAGNOSTICS" />
247-->[androidx.work:work-runtime:2.7.1] AndroidManifest.xml:140:17-88
247-->[androidx.work:work-runtime:2.7.1] AndroidManifest.xml:140:25-85
248            </intent-filter>
249        </receiver>
250
251        <service
251-->[androidx.room:room-runtime:2.2.5] AndroidManifest.xml:25:9-28:40
252            android:name="androidx.room.MultiInstanceInvalidationService"
252-->[androidx.room:room-runtime:2.2.5] AndroidManifest.xml:26:13-74
253            android:directBootAware="true"
253-->[androidx.room:room-runtime:2.2.5] AndroidManifest.xml:27:13-43
254            android:exported="false" />
254-->[androidx.room:room-runtime:2.2.5] AndroidManifest.xml:28:13-37
255
256        <meta-data
256-->[com.github.bumptech.glide:okhttp3-integration:4.12.0] AndroidManifest.xml:11:9-13:43
257            android:name="com.bumptech.glide.integration.okhttp3.OkHttpGlideModule"
257-->[com.github.bumptech.glide:okhttp3-integration:4.12.0] AndroidManifest.xml:12:13-84
258            android:value="GlideModule" />
258-->[com.github.bumptech.glide:okhttp3-integration:4.12.0] AndroidManifest.xml:13:13-40
259
260        <receiver
260-->[com.google.firebase:firebase-messaging:21.1.0] AndroidManifest.xml:28:9-35:20
261            android:name="com.google.firebase.iid.FirebaseInstanceIdReceiver"
261-->[com.google.firebase:firebase-messaging:21.1.0] AndroidManifest.xml:29:13-78
262            android:exported="true"
262-->[com.google.firebase:firebase-messaging:21.1.0] AndroidManifest.xml:30:13-36
263            android:permission="com.google.android.c2dm.permission.SEND" >
263-->[com.google.firebase:firebase-messaging:21.1.0] AndroidManifest.xml:31:13-73
264            <intent-filter>
264-->[com.google.firebase:firebase-messaging:21.1.0] AndroidManifest.xml:32:13-34:29